2019-09-28 19:41:38.224  INFO [trace-2,,,] [trace-2,,,] 19016{magenta} --- [           main] trationDelegate$BeanPostProcessorChecker : Bean 'org.springframework.cloud.autoconfigure.ConfigurationPropertiesRebinderAutoConfiguration' of type [org.springframework.cloud.autoconfigure.ConfigurationPropertiesRebinderAutoConfiguration$$EnhancerBySpringCGLIB$$688fbc79] is not eligible for getting processed by all BeanPostProcessors (for example: not eligible for auto-proxying)
2019-09-28 19:41:39.587  INFO [trace-2,,,] [trace-2,,,] 19016{magenta} --- [           main] com.ming.trace2.CloudTrace2Application   : No active profile set, falling back to default profiles: default
2019-09-28 19:41:40.865  INFO [trace-2,,,] [trace-2,,,] 19016{magenta} --- [           main] o.s.cloud.context.scope.GenericScope     : BeanFactory id=646e735a-eb2f-3980-a1b9-ea344cdfab41
2019-09-28 19:41:41.187  INFO [trace-2,,,] [trace-2,,,] 19016{magenta} --- [           main] trationDelegate$BeanPostProcessorChecker : Bean 'org.springframework.cloud.autoconfigure.ConfigurationPropertiesRebinderAutoConfiguration' of type [org.springframework.cloud.autoconfigure.ConfigurationPropertiesRebinderAutoConfiguration$$EnhancerBySpringCGLIB$$688fbc79] is not eligible for getting processed by all BeanPostProcessors (for example: not eligible for auto-proxying)
2019-09-28 19:41:42.585  INFO [trace-2,,,] [trace-2,,,] 19016{magenta} --- [           main] o.s.b.w.embedded.tomcat.TomcatWebServer  : Tomcat initialized with port(s): 9102 (http)
2019-09-28 19:41:42.628  INFO [trace-2,,,] [trace-2,,,] 19016{magenta} --- [           main] o.apache.catalina.core.StandardService   : Starting service [Tomcat]
2019-09-28 19:41:42.629  INFO [trace-2,,,] [trace-2,,,] 19016{magenta} --- [           main] org.apache.catalina.core.StandardEngine  : Starting Servlet engine: [Apache Tomcat/9.0.24]
2019-09-28 19:41:43.219  INFO [trace-2,,,] [trace-2,,,] 19016{magenta} --- [           main] o.a.c.c.C.[Tomcat].[localhost].[/]       : Initializing Spring embedded WebApplicationContext
2019-09-28 19:41:43.220  INFO [trace-2,,,] [trace-2,,,] 19016{magenta} --- [           main] o.s.web.context.ContextLoader            : Root WebApplicationContext: initialization completed in 3616 ms
2019-09-28 19:41:44.608  WARN [trace-2,,,] [trace-2,,,] 19016{magenta} --- [           main] c.n.c.sources.URLConfigurationSource     : No URLs will be polled as dynamic configuration sources.
2019-09-28 19:41:44.609  INFO [trace-2,,,] [trace-2,,,] 19016{magenta} --- [           main] c.n.c.sources.URLConfigurationSource     : To enable URLs as dynamic configuration sources, define System property archaius.configurationSource.additionalUrls or make config.properties available on classpath.
2019-09-28 19:41:44.617  WARN [trace-2,,,] [trace-2,,,] 19016{magenta} --- [           main] c.n.c.sources.URLConfigurationSource     : No URLs will be polled as dynamic configuration sources.
2019-09-28 19:41:44.617  INFO [trace-2,,,] [trace-2,,,] 19016{magenta} --- [           main] c.n.c.sources.URLConfigurationSource     : To enable URLs as dynamic configuration sources, define System property archaius.configurationSource.additionalUrls or make config.properties available on classpath.
2019-09-28 19:41:45.077  INFO [trace-2,,,] [trace-2,,,] 19016{magenta} --- [           main] o.s.s.concurrent.ThreadPoolTaskExecutor  : Initializing ExecutorService 'applicationTaskExecutor'
2019-09-28 19:41:48.650  INFO [trace-2,,,] [trace-2,,,] 19016{magenta} --- [           main] o.s.c.n.eureka.InstanceInfoFactory       : Setting initial instance status as: STARTING
2019-09-28 19:41:48.710  INFO [trace-2,,,] [trace-2,,,] 19016{magenta} --- [           main] com.netflix.discovery.DiscoveryClient    : Initializing Eureka in region us-east-1
2019-09-28 19:41:49.873  INFO [trace-2,,,] [trace-2,,,] 19016{magenta} --- [           main] c.n.d.provider.DiscoveryJerseyProvider   : Using JSON encoding codec LegacyJacksonJson
2019-09-28 19:41:49.873  INFO [trace-2,,,] [trace-2,,,] 19016{magenta} --- [           main] c.n.d.provider.DiscoveryJerseyProvider   : Using JSON decoding codec LegacyJacksonJson
2019-09-28 19:41:50.024  INFO [trace-2,,,] [trace-2,,,] 19016{magenta} --- [           main] c.n.d.provider.DiscoveryJerseyProvider   : Using XML encoding codec XStreamXml
2019-09-28 19:41:50.025  INFO [trace-2,,,] [trace-2,,,] 19016{magenta} --- [           main] c.n.d.provider.DiscoveryJerseyProvider   : Using XML decoding codec XStreamXml
2019-09-28 19:41:50.299  INFO [trace-2,,,] [trace-2,,,] 19016{magenta} --- [           main] c.n.d.s.r.aws.ConfigClusterResolver      : Resolving eureka endpoints via configuration
2019-09-28 19:41:51.210  INFO [trace-2,,,] [trace-2,,,] 19016{magenta} --- [           main] com.netflix.discovery.DiscoveryClient    : Disable delta property : false
2019-09-28 19:41:51.210  INFO [trace-2,,,] [trace-2,,,] 19016{magenta} --- [           main] com.netflix.discovery.DiscoveryClient    : Single vip registry refresh property : null
2019-09-28 19:41:51.210  INFO [trace-2,,,] [trace-2,,,] 19016{magenta} --- [           main] com.netflix.discovery.DiscoveryClient    : Force full registry fetch : false
2019-09-28 19:41:51.210  INFO [trace-2,,,] [trace-2,,,] 19016{magenta} --- [           main] com.netflix.discovery.DiscoveryClient    : Application is null : false
2019-09-28 19:41:51.210  INFO [trace-2,,,] [trace-2,,,] 19016{magenta} --- [           main] com.netflix.discovery.DiscoveryClient    : Registered Applications size is zero : true
2019-09-28 19:41:51.210  INFO [trace-2,,,] [trace-2,,,] 19016{magenta} --- [           main] com.netflix.discovery.DiscoveryClient    : Application version is -1: true
2019-09-28 19:41:51.211  INFO [trace-2,,,] [trace-2,,,] 19016{magenta} --- [           main] com.netflix.discovery.DiscoveryClient    : Getting all instance registry info from the eureka server
2019-09-28 19:41:51.366  INFO [trace-2,,,] [trace-2,,,] 19016{magenta} --- [           main] com.netflix.discovery.DiscoveryClient    : The response status is 200
2019-09-28 19:41:51.368  INFO [trace-2,,,] [trace-2,,,] 19016{magenta} --- [           main] com.netflix.discovery.DiscoveryClient    : Starting heartbeat executor: renew interval is: 30
2019-09-28 19:41:51.371  INFO [trace-2,,,] [trace-2,,,] 19016{magenta} --- [           main] c.n.discovery.InstanceInfoReplicator     : InstanceInfoReplicator onDemand update allowed rate per min is 4
2019-09-28 19:41:51.375  INFO [trace-2,,,] [trace-2,,,] 19016{magenta} --- [           main] com.netflix.discovery.DiscoveryClient    : Discovery Client initialized at timestamp 1569670911373 with initial instances count: 4
2019-09-28 19:41:51.382  INFO [trace-2,,,] [trace-2,,,] 19016{magenta} --- [           main] o.s.c.n.e.s.EurekaServiceRegistry        : Registering application TRACE-2 with eureka with status UP
2019-09-28 19:41:51.383  INFO [trace-2,,,] [trace-2,,,] 19016{magenta} --- [           main] com.netflix.discovery.DiscoveryClient    : Saw local status change event StatusChangeEvent [timestamp=1569670911383, current=UP, previous=STARTING]
2019-09-28 19:41:51.386  INFO [trace-2,,,] [trace-2,,,] 19016{magenta} --- [nfoReplicator-0] com.netflix.discovery.DiscoveryClient    : DiscoveryClient_TRACE-2/AT9007-1.corp.autohome.inc:trace-2:9102: registering service...
2019-09-28 19:41:51.433  INFO [trace-2,,,] [trace-2,,,] 19016{magenta} --- [nfoReplicator-0] com.netflix.discovery.DiscoveryClient    : DiscoveryClient_TRACE-2/AT9007-1.corp.autohome.inc:trace-2:9102 - registration status: 204
2019-09-28 19:41:51.452  INFO [trace-2,,,] [trace-2,,,] 19016{magenta} --- [           main] o.s.b.w.embedded.tomcat.TomcatWebServer  : Tomcat started on port(s): 9102 (http) with context path ''
2019-09-28 19:41:51.453  INFO [trace-2,,,] [trace-2,,,] 19016{magenta} --- [           main] .s.c.n.e.s.EurekaAutoServiceRegistration : Updating port to 9102
2019-09-28 19:41:51.456  INFO [trace-2,,,] [trace-2,,,] 19016{magenta} --- [           main] com.ming.trace2.CloudTrace2Application   : Started CloudTrace2Application in 15.668 seconds (JVM running for 16.56)
2019-09-28 19:42:01.319  INFO [trace-2,,,] [trace-2,,,] 19016{magenta} --- [nio-9102-exec-3] o.a.c.c.C.[Tomcat].[localhost].[/]       : Initializing Spring DispatcherServlet 'dispatcherServlet'
2019-09-28 19:42:01.320  INFO [trace-2,,,] [trace-2,,,] 19016{magenta} --- [nio-9102-exec-3] o.s.web.servlet.DispatcherServlet        : Initializing Servlet 'dispatcherServlet'
2019-09-28 19:42:01.320 DEBUG [trace-2,,,] [trace-2,,,] 19016{magenta} --- [nio-9102-exec-3] o.s.web.servlet.DispatcherServlet        : Detected StandardServletMultipartResolver
2019-09-28 19:42:01.358 DEBUG [trace-2,,,] [trace-2,,,] 19016{magenta} --- [nio-9102-exec-3] o.s.web.servlet.DispatcherServlet        : enableLoggingRequestDetails='false': request parameters and headers will be masked to prevent unsafe logging of potentially sensitive data
2019-09-28 19:42:01.358  INFO [trace-2,,,] [trace-2,,,] 19016{magenta} --- [nio-9102-exec-3] o.s.web.servlet.DispatcherServlet        : Completed initialization in 38 ms
2019-09-28 19:42:01.390 DEBUG [trace-2,b64379ef5eaad2fb,dbafa7a758152e7b,false] [trace-2,b64379ef5eaad2fb,dbafa7a758152e7b,false] 19016{magenta} --- [nio-9102-exec-3] o.s.web.servlet.DispatcherServlet        : GET "/trace-2", parameters={}
2019-09-28 19:42:01.422  INFO [trace-2,b64379ef5eaad2fb,dbafa7a758152e7b,false] [trace-2,b64379ef5eaad2fb,dbafa7a758152e7b,false] 19016{magenta} --- [nio-9102-exec-3] c.m.trace2.controller.TraceController    : =====<call trace2>,traceId=b64379ef5eaad2fb,spanId=dbafa7a758152e7b=====
2019-09-28 19:42:01.456 DEBUG [trace-2,b64379ef5eaad2fb,dbafa7a758152e7b,false] [trace-2,b64379ef5eaad2fb,dbafa7a758152e7b,false] 19016{magenta} --- [nio-9102-exec-3] o.s.web.servlet.DispatcherServlet        : Completed 200 OK
2019-09-28 19:46:51.214  INFO [trace-2,,,] [trace-2,,,] 19016{magenta} --- [trap-executor-0] c.n.d.s.r.aws.ConfigClusterResolver      : Resolving eureka endpoints via configuration
2019-09-28 19:51:51.215  INFO [trace-2,,,] [trace-2,,,] 19016{magenta} --- [trap-executor-0] c.n.d.s.r.aws.ConfigClusterResolver      : Resolving eureka endpoints via configuration
2019-09-28 19:56:51.217  INFO [trace-2,,,] [trace-2,,,] 19016{magenta} --- [trap-executor-0] c.n.d.s.r.aws.ConfigClusterResolver      : Resolving eureka endpoints via configuration
2019-09-28 20:01:51.219  INFO [trace-2,,,] [trace-2,,,] 19016{magenta} --- [trap-executor-0] c.n.d.s.r.aws.ConfigClusterResolver      : Resolving eureka endpoints via configuration
2019-09-28 20:06:51.222  INFO [trace-2,,,] [trace-2,,,] 19016{magenta} --- [trap-executor-0] c.n.d.s.r.aws.ConfigClusterResolver      : Resolving eureka endpoints via configuration
2019-09-28 20:11:51.224  INFO [trace-2,,,] [trace-2,,,] 19016{magenta} --- [trap-executor-0] c.n.d.s.r.aws.ConfigClusterResolver      : Resolving eureka endpoints via configuration
2019-09-28 20:16:51.228  INFO [trace-2,,,] [trace-2,,,] 19016{magenta} --- [trap-executor-0] c.n.d.s.r.aws.ConfigClusterResolver      : Resolving eureka endpoints via configuration
2019-09-28 20:21:51.230  INFO [trace-2,,,] [trace-2,,,] 19016{magenta} --- [trap-executor-0] c.n.d.s.r.aws.ConfigClusterResolver      : Resolving eureka endpoints via configuration
2019-09-28 20:26:51.232  INFO [trace-2,,,] [trace-2,,,] 19016{magenta} --- [trap-executor-0] c.n.d.s.r.aws.ConfigClusterResolver      : Resolving eureka endpoints via configuration
2019-09-28 20:31:51.235  INFO [trace-2,,,] [trace-2,,,] 19016{magenta} --- [trap-executor-0] c.n.d.s.r.aws.ConfigClusterResolver      : Resolving eureka endpoints via configuration
2019-09-28 20:36:51.237  INFO [trace-2,,,] [trace-2,,,] 19016{magenta} --- [trap-executor-0] c.n.d.s.r.aws.ConfigClusterResolver      : Resolving eureka endpoints via configuration
2019-09-28 20:41:51.241  INFO [trace-2,,,] [trace-2,,,] 19016{magenta} --- [trap-executor-0] c.n.d.s.r.aws.ConfigClusterResolver      : Resolving eureka endpoints via configuration
2019-09-28 20:46:51.243  INFO [trace-2,,,] [trace-2,,,] 19016{magenta} --- [trap-executor-0] c.n.d.s.r.aws.ConfigClusterResolver      : Resolving eureka endpoints via configuration
2019-09-28 20:51:51.244  INFO [trace-2,,,] [trace-2,,,] 19016{magenta} --- [trap-executor-0] c.n.d.s.r.aws.ConfigClusterResolver      : Resolving eureka endpoints via configuration
2019-09-28 20:56:51.246  INFO [trace-2,,,] [trace-2,,,] 19016{magenta} --- [trap-executor-0] c.n.d.s.r.aws.ConfigClusterResolver      : Resolving eureka endpoints via configuration
2019-09-28 21:01:51.248  INFO [trace-2,,,] [trace-2,,,] 19016{magenta} --- [trap-executor-0] c.n.d.s.r.aws.ConfigClusterResolver      : Resolving eureka endpoints via configuration
2019-09-28 21:06:51.250  INFO [trace-2,,,] [trace-2,,,] 19016{magenta} --- [trap-executor-0] c.n.d.s.r.aws.ConfigClusterResolver      : Resolving eureka endpoints via configuration
2019-09-28 21:11:51.252  INFO [trace-2,,,] [trace-2,,,] 19016{magenta} --- [trap-executor-0] c.n.d.s.r.aws.ConfigClusterResolver      : Resolving eureka endpoints via configuration
2019-09-28 21:16:51.255  INFO [trace-2,,,] [trace-2,,,] 19016{magenta} --- [trap-executor-0] c.n.d.s.r.aws.ConfigClusterResolver      : Resolving eureka endpoints via configuration
2019-09-28 21:21:51.257  INFO [trace-2,,,] [trace-2,,,] 19016{magenta} --- [trap-executor-0] c.n.d.s.r.aws.ConfigClusterResolver      : Resolving eureka endpoints via configuration
2019-09-28 21:26:51.259  INFO [trace-2,,,] [trace-2,,,] 19016{magenta} --- [trap-executor-0] c.n.d.s.r.aws.ConfigClusterResolver      : Resolving eureka endpoints via configuration
2019-09-28 21:31:51.261  INFO [trace-2,,,] [trace-2,,,] 19016{magenta} --- [trap-executor-0] c.n.d.s.r.aws.ConfigClusterResolver      : Resolving eureka endpoints via configuration
2019-09-28 21:36:51.264  INFO [trace-2,,,] [trace-2,,,] 19016{magenta} --- [trap-executor-0] c.n.d.s.r.aws.ConfigClusterResolver      : Resolving eureka endpoints via configuration
2019-09-28 21:41:51.266  INFO [trace-2,,,] [trace-2,,,] 19016{magenta} --- [trap-executor-0] c.n.d.s.r.aws.ConfigClusterResolver      : Resolving eureka endpoints via configuration
2019-09-28 21:46:51.269  INFO [trace-2,,,] [trace-2,,,] 19016{magenta} --- [trap-executor-0] c.n.d.s.r.aws.ConfigClusterResolver      : Resolving eureka endpoints via configuration
2019-09-28 21:51:51.271  INFO [trace-2,,,] [trace-2,,,] 19016{magenta} --- [trap-executor-0] c.n.d.s.r.aws.ConfigClusterResolver      : Resolving eureka endpoints via configuration
2019-09-28 21:56:51.272  INFO [trace-2,,,] [trace-2,,,] 19016{magenta} --- [trap-executor-0] c.n.d.s.r.aws.ConfigClusterResolver      : Resolving eureka endpoints via configuration
2019-09-28 22:01:51.274  INFO [trace-2,,,] [trace-2,,,] 19016{magenta} --- [trap-executor-0] c.n.d.s.r.aws.ConfigClusterResolver      : Resolving eureka endpoints via configuration
2019-09-28 22:06:51.276  INFO [trace-2,,,] [trace-2,,,] 19016{magenta} --- [trap-executor-0] c.n.d.s.r.aws.ConfigClusterResolver      : Resolving eureka endpoints via configuration
2019-09-28 22:11:51.278  INFO [trace-2,,,] [trace-2,,,] 19016{magenta} --- [trap-executor-0] c.n.d.s.r.aws.ConfigClusterResolver      : Resolving eureka endpoints via configuration
2019-09-28 22:16:51.281  INFO [trace-2,,,] [trace-2,,,] 19016{magenta} --- [trap-executor-0] c.n.d.s.r.aws.ConfigClusterResolver      : Resolving eureka endpoints via configuration
2019-09-28 22:21:51.283  INFO [trace-2,,,] [trace-2,,,] 19016{magenta} --- [trap-executor-0] c.n.d.s.r.aws.ConfigClusterResolver      : Resolving eureka endpoints via configuration
2019-09-28 22:26:51.286  INFO [trace-2,,,] [trace-2,,,] 19016{magenta} --- [trap-executor-0] c.n.d.s.r.aws.ConfigClusterResolver      : Resolving eureka endpoints via configuration
2019-09-28 22:31:51.288  INFO [trace-2,,,] [trace-2,,,] 19016{magenta} --- [trap-executor-0] c.n.d.s.r.aws.ConfigClusterResolver      : Resolving eureka endpoints via configuration
2019-09-28 22:36:51.291  INFO [trace-2,,,] [trace-2,,,] 19016{magenta} --- [trap-executor-0] c.n.d.s.r.aws.ConfigClusterResolver      : Resolving eureka endpoints via configuration
2019-09-28 22:41:51.294  INFO [trace-2,,,] [trace-2,,,] 19016{magenta} --- [trap-executor-0] c.n.d.s.r.aws.ConfigClusterResolver      : Resolving eureka endpoints via configuration
2019-09-28 22:46:51.296  INFO [trace-2,,,] [trace-2,,,] 19016{magenta} --- [trap-executor-0] c.n.d.s.r.aws.ConfigClusterResolver      : Resolving eureka endpoints via configuration
2019-09-28 22:51:51.298  INFO [trace-2,,,] [trace-2,,,] 19016{magenta} --- [trap-executor-0] c.n.d.s.r.aws.ConfigClusterResolver      : Resolving eureka endpoints via configuration
2019-09-28 22:56:51.299  INFO [trace-2,,,] [trace-2,,,] 19016{magenta} --- [trap-executor-0] c.n.d.s.r.aws.ConfigClusterResolver      : Resolving eureka endpoints via configuration
2019-09-28 23:01:51.303  INFO [trace-2,,,] [trace-2,,,] 19016{magenta} --- [trap-executor-0] c.n.d.s.r.aws.ConfigClusterResolver      : Resolving eureka endpoints via configuration
2019-09-28 23:06:51.305  INFO [trace-2,,,] [trace-2,,,] 19016{magenta} --- [trap-executor-0] c.n.d.s.r.aws.ConfigClusterResolver      : Resolving eureka endpoints via configuration
2019-09-28 23:11:51.308  INFO [trace-2,,,] [trace-2,,,] 19016{magenta} --- [trap-executor-0] c.n.d.s.r.aws.ConfigClusterResolver      : Resolving eureka endpoints via configuration
